
Dataset: breast_cancer (569, 30)  pos_rate=0.3726
  BaselineLogisticRegression                              [tuning 50 trials...] best_inner_F1=0.9549  ->  F1=0.9549  PR-AUC=0.9917
  BaselineNaiveBayes                                      [tuning 50 trials...] best_inner_F1=0.9150  ->  F1=0.9150  PR-AUC=0.9691
  BaselineLDA                                             [tuning 50 trials...] best_inner_F1=0.9371  ->  F1=0.9371  PR-AUC=0.9907
  BaselineElasticNet                                      [tuning 50 trials...] best_inner_F1=0.9428  ->  F1=0.9428  PR-AUC=nan
  BaselineKernelSVM                                       [tuning 50 trials...] best_inner_F1=0.9303  ->  F1=0.9303  PR-AUC=0.9864
  BaselineRandomForest                                    [tuning 50 trials...] best_inner_F1=0.9402  ->  F1=0.9402  PR-AUC=0.9871
  BaselineXGBoost                                         [tuning 50 trials...] best_inner_F1=0.9624  ->  F1=0.9624  PR-AUC=0.9929
  BaselineLightGBM                                        [tuning 50 trials...] best_inner_F1=0.9660  ->  F1=0.9660  PR-AUC=0.9924
  PolynomialFeaturesClassifier[logistic]                  [tuning 50 trials...] best_inner_F1=0.9708  ->  F1=0.9708  PR-AUC=0.9934
  PolynomialFeaturesClassifier[sgd]                       [tuning 50 trials...] best_inner_F1=0.9690  ->  F1=0.9690  PR-AUC=0.9789
  PolynomialFeaturesClassifier[lda]                       [tuning 50 trials...] best_inner_F1=0.7637  ->  F1=0.7637  PR-AUC=0.7721
  PolynomialFeaturesClassifier[nb]                        [tuning 50 trials...] best_inner_F1=0.8988  ->  F1=0.8988  PR-AUC=0.9164
  SplineFeaturesClassifier[logistic]                      [tuning 50 trials...] best_inner_F1=0.9734  ->  F1=0.9734  PR-AUC=0.9957
  SplineFeaturesClassifier[sgd]                           [tuning 50 trials...] best_inner_F1=0.9713  ->  F1=0.9713  PR-AUC=0.9817
  SplineFeaturesClassifier[lda]                           [tuning 50 trials...] best_inner_F1=0.9460  ->  F1=0.9460  PR-AUC=0.9836
  SplineFeaturesClassifier[nb]                            [tuning 50 trials...] best_inner_F1=0.9331  ->  F1=0.9331  PR-AUC=0.9571
  LinearBoostClassifier[logistic]                         [tuning 50 trials...] best_inner_F1=0.9714  ->  F1=0.9714  PR-AUC=0.9750
  LinearBoostClassifier[sgd]                              [tuning 50 trials...] best_inner_F1=0.9682  ->  F1=0.9682  PR-AUC=0.9726
  LinearBoostClassifier[nb]                               [tuning 50 trials...] best_inner_F1=0.9572  ->  F1=0.9572  PR-AUC=0.9736
  BaggingFeatureSubspaceClassifier[logistic]              [tuning 50 trials...] best_inner_F1=0.9735  ->  F1=0.9735  PR-AUC=0.9951
  BaggingFeatureSubspaceClassifier[sgd]                   [tuning 50 trials...] best_inner_F1=0.9785  ->  F1=0.9785  PR-AUC=0.9949
  BaggingFeatureSubspaceClassifier[lda]                   [tuning 50 trials...] best_inner_F1=0.9474  ->  F1=0.9474  PR-AUC=0.9944
  BaggingFeatureSubspaceClassifier[nb]                    [tuning 50 trials...] best_inner_F1=0.9143  ->  F1=0.9143  PR-AUC=0.9832
  MaxOfLinearClassifier[logistic]                         [tuning 50 trials...] best_inner_F1=0.9682  ->  F1=0.9682  PR-AUC=0.9951
  MaxOfLinearClassifier[sgd]                              [tuning 50 trials...] best_inner_F1=0.9708  ->  F1=0.9708  PR-AUC=0.9944
  MaxOfLinearClassifier[lda]                              [tuning 50 trials...] best_inner_F1=0.9371  ->  F1=0.9371  PR-AUC=0.9907
  MaxOfLinearClassifier[nb]                               [tuning 50 trials...] best_inner_F1=0.9160  ->  F1=0.9160  PR-AUC=0.9855
  CascadeLinearClassifier[logistic]                       [tuning 50 trials...] best_inner_F1=0.9664  ->  F1=0.9664  PR-AUC=0.9934
  CascadeLinearClassifier[sgd]                            [tuning 50 trials...] best_inner_F1=0.9712  ->  F1=0.9712  PR-AUC=0.9935
  CascadeLinearClassifier[lda]                            [tuning 50 trials...] best_inner_F1=0.9396  ->  F1=0.9396  PR-AUC=0.9887
  CascadeLinearClassifier[nb]                             [tuning 50 trials...] best_inner_F1=0.9045  ->  F1=0.9045  PR-AUC=0.9479
  PiecewiseLinearClassifier[logistic]                     [tuning 50 trials...] best_inner_F1=0.9663  ->  F1=0.9663  PR-AUC=0.9920
  PiecewiseLinearClassifier[sgd]                          [tuning 50 trials...] best_inner_F1=0.9688  ->  F1=0.9688  PR-AUC=0.9917
  PiecewiseLinearClassifier[lda]                          [tuning 50 trials...] best_inner_F1=0.9528  ->  F1=0.9528  PR-AUC=0.9871
  PiecewiseLinearClassifier[nb]                           [tuning 50 trials...] best_inner_F1=0.9305  ->  F1=0.9305  PR-AUC=0.9833
  MixtureOfLinearExpertsClassifier[logistic]              [tuning 50 trials...] best_inner_F1=0.9734  ->  F1=0.9734  PR-AUC=0.9952
  MixtureOfLinearExpertsClassifier[sgd]                   [tuning 50 trials...] best_inner_F1=0.9685  ->  F1=0.9685  PR-AUC=0.9954
  MixtureOfLinearExpertsClassifier[lda]                   [tuning 50 trials...] best_inner_F1=0.9344  ->  F1=0.9344  PR-AUC=0.9747
  MixtureOfLinearExpertsClassifier[nb]                    [tuning 50 trials...] best_inner_F1=0.9296  ->  F1=0.9296  PR-AUC=0.9838
  FuzzyLogicLinearClassifier[logistic]                    [tuning 50 trials...] best_inner_F1=0.9735  ->  F1=0.9735  PR-AUC=0.9952
  FuzzyLogicLinearClassifier[sgd]                         [tuning 50 trials...] best_inner_F1=0.9740  ->  F1=0.9740  PR-AUC=0.9944
  FuzzyLogicLinearClassifier[lda]                         [tuning 50 trials...] best_inner_F1=0.9662  ->  F1=0.9662  PR-AUC=0.9831
  FuzzyLogicLinearClassifier[nb]                          [tuning 50 trials...] best_inner_F1=0.9099  ->  F1=0.9099  PR-AUC=0.9740

Dataset: bank_marketing (45211, 16)  pos_rate=0.1170
  BaselineLogisticRegression                              [tuning 50 trials...] best_inner_F1=0.3185  ->  F1=0.3185  PR-AUC=0.4670
  BaselineNaiveBayes                                      [tuning 50 trials...] best_inner_F1=0.4070  ->  F1=0.4070  PR-AUC=0.3605
  BaselineLDA                                             [tuning 50 trials...] best_inner_F1=0.3813  ->  F1=0.3813  PR-AUC=0.4627
  BaselineElasticNet                                      [tuning 50 trials...] best_inner_F1=0.2026  ->  F1=0.2026  PR-AUC=nan
  BaselineKernelSVM                                       [tuning 50 trials...] best_inner_F1=0.4683  ->  F1=0.4683  PR-AUC=0.4450
  BaselineRandomForest                                    [tuning 50 trials...] best_inner_F1=0.5144  ->  F1=0.5144  PR-AUC=0.6117
  BaselineXGBoost                                         [tuning 50 trials...] best_inner_F1=0.6255  ->  F1=0.6255  PR-AUC=0.6183
  BaselineLightGBM                                        [tuning 50 trials...] best_inner_F1=0.6260  ->  F1=0.6260  PR-AUC=0.6288
  PolynomialFeaturesClassifier[logistic]                  [tuning 50 trials...] best_inner_F1=0.4748  ->  F1=0.4748  PR-AUC=0.5137
  PolynomialFeaturesClassifier[sgd]                       [tuning 50 trials...] best_inner_F1=0.4763  ->  F1=0.4763  PR-AUC=0.4918
  PolynomialFeaturesClassifier[lda]                       [tuning 50 trials...] best_inner_F1=0.5152  ->  F1=0.5152  PR-AUC=0.5286
  PolynomialFeaturesClassifier[nb]                        [tuning 50 trials...] best_inner_F1=0.4066  ->  F1=0.4066  PR-AUC=0.3253
  SplineFeaturesClassifier[logistic]                      [tuning 50 trials...] best_inner_F1=0.4872  ->  F1=0.4872  PR-AUC=0.5755
  SplineFeaturesClassifier[sgd]                           [tuning 50 trials...] best_inner_F1=0.4941  ->  F1=0.4941  PR-AUC=0.5041
  SplineFeaturesClassifier[lda]                           [tuning 50 trials...] best_inner_F1=0.5382  ->  F1=0.5382  PR-AUC=0.5655
  SplineFeaturesClassifier[nb]                            [tuning 50 trials...] best_inner_F1=0.4677  ->  F1=0.4677  PR-AUC=0.4191
  LinearBoostClassifier[logistic]                         [tuning 50 trials...] best_inner_F1=0.4955  ->  F1=0.4955  PR-AUC=0.4099
  LinearBoostClassifier[sgd]                              [tuning 50 trials...] best_inner_F1=0.4663  ->  F1=0.4663  PR-AUC=0.3120
  LinearBoostClassifier[nb]                               [tuning 50 trials...] best_inner_F1=0.4791  ->  F1=0.4791  PR-AUC=0.3541
  BaggingFeatureSubspaceClassifier[logistic]              [tuning 50 trials...] best_inner_F1=0.3000  ->  F1=0.3000  PR-AUC=0.4674
  BaggingFeatureSubspaceClassifier[sgd]                   [tuning 50 trials...] best_inner_F1=0.3076  ->  F1=0.3076  PR-AUC=0.4530
  BaggingFeatureSubspaceClassifier[lda]                   [tuning 50 trials...] best_inner_F1=0.3710  ->  F1=0.3710  PR-AUC=0.4634
  BaggingFeatureSubspaceClassifier[nb]                    [tuning 50 trials...] best_inner_F1=0.4199  ->  F1=0.4199  PR-AUC=0.4075
  MaxOfLinearClassifier[logistic]                         [tuning 50 trials...] best_inner_F1=0.3192  ->  F1=0.3192  PR-AUC=0.4710
  MaxOfLinearClassifier[sgd]                              [tuning 50 trials...] best_inner_F1=0.4061  ->  F1=0.4061  PR-AUC=0.4188
  MaxOfLinearClassifier[lda]                              [tuning 50 trials...] best_inner_F1=0.3813  ->  F1=0.3813  PR-AUC=0.4627
  MaxOfLinearClassifier[nb]                               [tuning 50 trials...] best_inner_F1=0.4419  ->  F1=0.4419  PR-AUC=0.3937
  CascadeLinearClassifier[logistic]                       [tuning 50 trials...] best_inner_F1=0.3106  ->  F1=0.3106  PR-AUC=0.4682
  CascadeLinearClassifier[sgd]                            [tuning 50 trials...] best_inner_F1=0.4337  ->  F1=0.4337  PR-AUC=0.4487
  CascadeLinearClassifier[lda]                            [tuning 50 trials...] best_inner_F1=0.4299  ->  F1=0.4299  PR-AUC=0.4678
  CascadeLinearClassifier[nb]                             [tuning 50 trials...] best_inner_F1=0.4223  ->  F1=0.4223  PR-AUC=0.3601
  PiecewiseLinearClassifier[logistic]                     [tuning 50 trials...] best_inner_F1=0.5313  ->  F1=0.5313  PR-AUC=0.4990
  PiecewiseLinearClassifier[sgd]                          [tuning 50 trials...] best_inner_F1=0.5301  ->  F1=0.5301  PR-AUC=0.4953
  PiecewiseLinearClassifier[lda]                          [tuning 50 trials...] best_inner_F1=0.5380  ->  F1=0.5380  PR-AUC=0.5017
  PiecewiseLinearClassifier[nb]                           [tuning 50 trials...] best_inner_F1=0.4956  ->  F1=0.4956  PR-AUC=0.4323
  MixtureOfLinearExpertsClassifier[logistic]              [tuning 50 trials...] best_inner_F1=0.3554  ->  F1=0.3554  PR-AUC=0.4808
  MixtureOfLinearExpertsClassifier[sgd]                   [tuning 50 trials...] best_inner_F1=0.4010  ->  F1=0.4010  PR-AUC=0.4015
  MixtureOfLinearExpertsClassifier[lda]                   [tuning 50 trials...] best_inner_F1=0.4169  ->  F1=0.4169  PR-AUC=0.4436
  MixtureOfLinearExpertsClassifier[nb]                    [tuning 50 trials...] best_inner_F1=0.3969  ->  F1=0.3969  PR-AUC=0.4175
  FuzzyLogicLinearClassifier[logistic]                    [tuning 50 trials...] best_inner_F1=0.3763  ->  F1=0.3763  PR-AUC=0.3992
  FuzzyLogicLinearClassifier[sgd]                         [tuning 50 trials...] best_inner_F1=0.3826  ->  F1=0.3826  PR-AUC=0.4121
  FuzzyLogicLinearClassifier[lda]                         [tuning 50 trials...] best_inner_F1=0.3755  ->  F1=0.3755  PR-AUC=0.4257
  FuzzyLogicLinearClassifier[nb]                          [tuning 50 trials...] best_inner_F1=0.4182  ->  F1=0.4182  PR-AUC=0.3964

Dataset: adult (48842, 14)  pos_rate=0.2393
  BaselineLogisticRegression                              [tuning 50 trials...] best_inner_F1=0.5526  ->  F1=0.5526  PR-AUC=0.6886
  BaselineNaiveBayes                                      [tuning 50 trials...] best_inner_F1=0.4922  ->  F1=0.4922  PR-AUC=0.6714
  BaselineLDA                                             [tuning 50 trials...] best_inner_F1=0.5775  ->  F1=0.5775  PR-AUC=0.6379
  BaselineElasticNet                                      [tuning 50 trials...] best_inner_F1=0.4511  ->  F1=0.4511  PR-AUC=nan
  BaselineKernelSVM                                       [tuning 50 trials...]