
Dataset: breast_cancer (569, 30)  pos_rate=0.3726
  BaselineLogisticRegression                              F1=0.9375  PR-AUC=0.9885  ROC-AUC=0.9916
  BaselineNaiveBayes                                      F1=0.9143  PR-AUC=0.9695  ROC-AUC=0.9862
  BaselineLDA                                             F1=0.9371  PR-AUC=0.9907  ROC-AUC=0.9929
  BaselineElasticNet                                      F1=0.8534  PR-AUC=nan  ROC-AUC=nan
  BaselineKernelSVM                                       F1=0.8721  PR-AUC=0.9670  ROC-AUC=0.9757
  BaselineRandomForest                                    F1=0.9381  PR-AUC=0.9869  ROC-AUC=0.9885
  BaselineXGBoost                                         [FAIL] ModuleNotFoundError: No module named 'xgboost'
  BaselineLightGBM                                        [FAIL] ModuleNotFoundError: No module named 'lightgbm'
  BaselineMLP                                             F1=0.9015  PR-AUC=0.9737  ROC-AUC=0.9841
  PolynomialFeaturesClassifier[logistic]                  F1=0.9572  PR-AUC=0.9908  ROC-AUC=0.9911
  PolynomialFeaturesClassifier[sgd]                       F1=0.9498  PR-AUC=0.9717  ROC-AUC=0.9843
  PolynomialFeaturesClassifier[lda]                       F1=0.5854  PR-AUC=0.5560  ROC-AUC=0.6444
  PolynomialFeaturesClassifier[nb]                        F1=0.8988  PR-AUC=0.9165  ROC-AUC=0.9677
  SplineFeaturesClassifier[logistic]                      F1=0.9638  PR-AUC=0.9952  ROC-AUC=0.9962
  SplineFeaturesClassifier[sgd]                           F1=0.9548  PR-AUC=0.9891  ROC-AUC=0.9938
  SplineFeaturesClassifier[lda]                           F1=0.9002  PR-AUC=0.9253  ROC-AUC=0.9392
  SplineFeaturesClassifier[nb]                            F1=0.9113  PR-AUC=0.9584  ROC-AUC=0.9763
  LinearBoostClassifier[logistic]                         F1=0.9389  PR-AUC=0.9825  ROC-AUC=0.9880
  LinearBoostClassifier[sgd]                              F1=0.9568  PR-AUC=0.9839  ROC-AUC=0.9888
  LinearBoostClassifier[nb]                               F1=0.9431  PR-AUC=0.9852  ROC-AUC=0.9859
  BaggingFeatureSubspaceClassifier[logistic]              F1=0.9657  PR-AUC=0.9950  ROC-AUC=0.9959
  BaggingFeatureSubspaceClassifier[sgd]                   F1=0.9665  PR-AUC=0.9936  ROC-AUC=0.9952
  BaggingFeatureSubspaceClassifier[lda]                   F1=0.9397  PR-AUC=0.9939  ROC-AUC=0.9954
  BaggingFeatureSubspaceClassifier[nb]                    F1=0.9045  PR-AUC=0.9828  ROC-AUC=0.9880
  MaxOfLinearClassifier[logistic]                         F1=0.9589  PR-AUC=0.9936  ROC-AUC=0.9948
  MaxOfLinearClassifier[sgd]                              F1=0.9601  PR-AUC=0.9770  ROC-AUC=0.9876
  MaxOfLinearClassifier[lda]                              F1=0.9371  PR-AUC=0.9907  ROC-AUC=0.9929
  MaxOfLinearClassifier[nb]                               F1=0.9136  PR-AUC=0.9847  ROC-AUC=0.9892
  CascadeLinearClassifier[logistic]                       F1=0.9592  PR-AUC=0.9893  ROC-AUC=0.9891
  CascadeLinearClassifier[sgd]                            F1=0.9581  PR-AUC=0.9702  ROC-AUC=0.9850
  CascadeLinearClassifier[lda]                            F1=0.9373  PR-AUC=0.9850  ROC-AUC=0.9874
  CascadeLinearClassifier[nb]                             F1=0.9045  PR-AUC=0.9480  ROC-AUC=0.9783
  PiecewiseLinearClassifier[logistic]                     F1=0.9591  PR-AUC=0.9916  ROC-AUC=0.9920
  PiecewiseLinearClassifier[sgd]                          F1=0.9510  PR-AUC=0.9781  ROC-AUC=0.9858
  PiecewiseLinearClassifier[lda]                          F1=0.9205  PR-AUC=0.9723  ROC-AUC=0.9827
  PiecewiseLinearClassifier[nb]                           F1=0.9123  PR-AUC=0.9867  ROC-AUC=0.9882
  MixtureOfLinearExpertsClassifier[logistic]              F1=0.9710  PR-AUC=0.9951  ROC-AUC=0.9960
  MixtureOfLinearExpertsClassifier[sgd]                   F1=0.9438  PR-AUC=0.9906  ROC-AUC=0.9915
  MixtureOfLinearExpertsClassifier[lda]                   F1=0.9268  PR-AUC=0.9733  ROC-AUC=0.9795
  MixtureOfLinearExpertsClassifier[nb]                    F1=0.9146  PR-AUC=0.9721  ROC-AUC=0.9837
  FuzzyLogicLinearClassifier[logistic]                    F1=0.9663  PR-AUC=0.9952  ROC-AUC=0.9960
  FuzzyLogicLinearClassifier[sgd]                         F1=0.9611  PR-AUC=0.9804  ROC-AUC=0.9734
  FuzzyLogicLinearClassifier[lda]                         F1=0.9662  PR-AUC=0.9831  ROC-AUC=0.9937
  FuzzyLogicLinearClassifier[nb]                          F1=0.9010  PR-AUC=0.9125  ROC-AUC=0.9555

Dataset: bank_marketing (45211, 16)  pos_rate=0.1170
  BaselineLogisticRegression                              F1=0.3185  PR-AUC=0.4670  ROC-AUC=0.8708
  BaselineNaiveBayes                                      F1=0.4062  PR-AUC=0.3604  ROC-AUC=0.8152
  BaselineLDA                                             F1=0.3813  PR-AUC=0.4627  ROC-AUC=0.8720
  BaselineElasticNet                                      F1=0.0000  PR-AUC=nan  ROC-AUC=nan
  BaselineKernelSVM                                       F1=0.3844  PR-AUC=0.5318  ROC-AUC=0.8525
  BaselineRandomForest                                    F1=0.5090  PR-AUC=0.6025  ROC-AUC=0.9273
  BaselineXGBoost                                         [FAIL] ModuleNotFoundError: No module named 'xgboost'
  BaselineLightGBM                                        [FAIL] ModuleNotFoundError: No module named 'lightgbm'
  BaselineMLP                                             F1=0.4626  PR-AUC=0.5460  ROC-AUC=0.9018
  PolynomialFeaturesClassifier[logistic]                  F1=0.4384  PR-AUC=0.5260  ROC-AUC=0.8951
  PolynomialFeaturesClassifier[sgd]                       F1=0.4330  PR-AUC=0.4726  ROC-AUC=0.8782
  PolynomialFeaturesClassifier[lda]                       F1=0.4960  PR-AUC=0.5216  ROC-AUC=0.8933
  PolynomialFeaturesClassifier[nb]                        F1=0.4064  PR-AUC=0.3252  ROC-AUC=0.7963
  SplineFeaturesClassifier[logistic]                      F1=0.4635  PR-AUC=0.5518  ROC-AUC=0.9022
  SplineFeaturesClassifier[sgd]                           F1=0.4753  PR-AUC=0.5196  ROC-AUC=0.8871
  SplineFeaturesClassifier[lda]                           F1=0.5164  PR-AUC=0.5479  ROC-AUC=0.9012
  SplineFeaturesClassifier[nb]                            F1=0.2493  PR-AUC=0.3352  ROC-AUC=0.8196
  LinearBoostClassifier[logistic]                         F1=0.5133  PR-AUC=0.4205  ROC-AUC=0.8579
  LinearBoostClassifier[sgd]                              F1=0.1628  PR-AUC=0.3986  ROC-AUC=0.8585
  LinearBoostClassifier[nb]                               F1=0.3576  PR-AUC=0.3305  ROC-AUC=0.7696
  BaggingFeatureSubspaceClassifier[logistic]              F1=0.2309  PR-AUC=0.4657  ROC-AUC=0.8722
  BaggingFeatureSubspaceClassifier[sgd]                   F1=0.2281  PR-AUC=0.4608  ROC-AUC=0.8691
  BaggingFeatureSubspaceClassifier[lda]                   F1=0.3209  PR-AUC=0.4598  ROC-AUC=0.8720
  BaggingFeatureSubspaceClassifier[nb]                    F1=0.4114  PR-AUC=0.4013  ROC-AUC=0.8340
  MaxOfLinearClassifier[logistic]                         F1=0.3166  PR-AUC=0.4696  ROC-AUC=0.8716
  MaxOfLinearClassifier[sgd]                              F1=0.2848  PR-AUC=0.4503  ROC-AUC=0.8479
  MaxOfLinearClassifier[lda]                              F1=0.3813  PR-AUC=0.4627  ROC-AUC=0.8720
  MaxOfLinearClassifier[nb]                               F1=0.4416  PR-AUC=0.3939  ROC-AUC=0.8216
  CascadeLinearClassifier[logistic]                       F1=0.3082  PR-AUC=0.4683  ROC-AUC=0.8729
  CascadeLinearClassifier[sgd]                            F1=0.3476  PR-AUC=0.4562  ROC-AUC=0.8650
  CascadeLinearClassifier[lda]                            F1=0.4276  PR-AUC=0.4674  ROC-AUC=0.8727
  CascadeLinearClassifier[nb]                             F1=0.4220  PR-AUC=0.3600  ROC-AUC=0.8152
  PiecewiseLinearClassifier[logistic]                     F1=0.4176  PR-AUC=0.5126  ROC-AUC=0.8859
  PiecewiseLinearClassifier[sgd]                          F1=0.3908  PR-AUC=0.4783  ROC-AUC=0.8617
  PiecewiseLinearClassifier[lda]                          F1=0.4756  PR-AUC=0.5051  ROC-AUC=0.8836
  PiecewiseLinearClassifier[nb]                           F1=0.4409  PR-AUC=0.4221  ROC-AUC=0.8356
  MixtureOfLinearExpertsClassifier[logistic]              F1=0.3351  PR-AUC=0.4730  ROC-AUC=0.8763
  MixtureOfLinearExpertsClassifier[sgd]                   F1=0.3420  PR-AUC=0.4560  ROC-AUC=0.8643
  MixtureOfLinearExpertsClassifier[lda]                   F1=0.3937  PR-AUC=0.4564  ROC-AUC=0.8685
  MixtureOfLinearExpertsClassifier[nb]                    F1=0.3850  PR-AUC=0.3924  ROC-AUC=0.8312
  FuzzyLogicLinearClassifier[logistic]                    F1=0.2935  PR-AUC=0.4235  ROC-AUC=0.8247
  FuzzyLogicLinearClassifier[sgd]                         F1=0.2782  PR-AUC=0.4180  ROC-AUC=0.8223
  FuzzyLogicLinearClassifier[lda]                         F1=0.3182  PR-AUC=0.4348  ROC-AUC=0.8344
  FuzzyLogicLinearClassifier[nb]                          F1=0.2676  PR-AUC=0.3383  ROC-AUC=0.7986

Dataset: adult (48842, 14)  pos_rate=0.2393
  BaselineLogisticRegression                              F1=0.5525  PR-AUC=0.6886  ROC-AUC=0.8544
  BaselineNaiveBayes                                      F1=0.4467  PR-AUC=0.6812  ROC-AUC=0.8561
  BaselineLDA                                             F1=0.5144  PR-AUC=0.6434  ROC-AUC=0.8412
  BaselineElasticNet                                      F1=0.0000  PR-AUC=nan  ROC-AUC=nan
  BaselineKernelSVM                                       F1=0.6370  PR-AUC=0.7477  ROC-AUC=0.8911
  BaselineRandomForest                                    F1=0.6765  PR-AUC=0.7814  ROC-AUC=0.9069
  BaselineXGBoost                                         [FAIL] ModuleNotFoundError: No module named 'xgboost'
  BaselineLightGBM                                        [FAIL] ModuleNotFoundError: No module named 'lightgbm'
  BaselineMLP                                             F1=0.6504  PR-AUC=0.7681  ROC-AUC=0.9053
  PolynomialFeaturesClassifier[logistic]                  F1=0.6499  PR-AUC=0.7629  ROC-AUC=0.9033
  PolynomialFeaturesClassifier[sgd]                       F1=0.6392  PR-AUC=0.7455  ROC-AUC=0.8964
  PolynomialFeaturesClassifier[lda]                       F1=0.6299  PR-AUC=0.7495  ROC-AUC=0.8982
  PolynomialFeaturesClassifier[nb]                        F1=0.4140  PR-AUC=0.6002  ROC-AUC=0.8212
  SplineFeaturesClassifier[logistic]                      F1=0.6690  PR-AUC=0.7858  ROC-AUC=0.9123
  SplineFeaturesClassifier[sgd]                           F1=0.6661  PR-AUC=0.7758  ROC-AUC=0.9082
  SplineFeaturesClassifier[lda]                           F1=0.6486  PR-AUC=0.7710  ROC-AUC=0.9052
  SplineFeaturesClassifier[nb]                            F1=0.6179  PR-AUC=0.6791  ROC-AUC=0.8732
  LinearBoostClassifier[logistic]                         F1=0.3831  PR-AUC=0.5449  ROC-AUC=0.8218
  LinearBoostClassifier[sgd]                              F1=0.3957  PR-AUC=0.5488  ROC-AUC=0.8225
  LinearBoostClassifier[nb]                               F1=0.5295  PR-AUC=0.6612  ROC-AUC=0.8580
  BaggingFeatureSubspaceClassifier[logistic]              F1=0.5034  PR-AUC=0.6849  ROC-AUC=0.8522
  BaggingFeatureSubspaceClassifier[sgd]                   F1=0.5025  PR-AUC=0.6836  ROC-AUC=0.8517
  BaggingFeatureSubspaceClassifier[lda]                   F1=0.4337  PR-AUC=0.6418  ROC-AUC=0.8399
  BaggingFeatureSubspaceClassifier[nb]                    F1=0.4272  PR-AUC=0.6613  ROC-AUC=0.8550
  MaxOfLinearClassifier[logistic]                         F1=0.5533  PR-AUC=0.6826  ROC-AUC=0.8498
  MaxOfLinearClassifier[sgd]                              F1=0.5603  PR-AUC=0.6799  ROC-AUC=0.8497
  MaxOfLinearClassifier[lda]                              F1=0.5144  PR-AUC=0.6434  ROC-AUC=0.8412
  MaxOfLinearClassifier[nb]                               F1=0.4488  PR-AUC=0.6814  ROC-AUC=0.8562
  CascadeLinearClassifier[logistic]                       F1=0.5519  PR-AUC=0.6886  ROC-AUC=0.8544
  CascadeLinearClassifier[sgd]                            F1=0.5537  PR-AUC=0.6765  ROC-AUC=0.8487
  CascadeLinearClassifier[lda]                            F1=0.5566  PR-AUC=0.6569  ROC-AUC=0.8459
  CascadeLinearClassifier[nb]                             F1=0.5067  PR-AUC=0.6790  ROC-AUC=0.8560
  PiecewiseLinearClassifier[logistic]                     F1=0.6118  PR-AUC=0.7337  ROC-AUC=0.8861
  PiecewiseLinearClassifier[sgd]                          F1=0.6250  PR-AUC=0.7258  ROC-AUC=0.8828
  PiecewiseLinearClassifier[lda]                          F1=0.5770  PR-AUC=0.6942  ROC-AUC=0.8761
  PiecewiseLinearClassifier[nb]                           F1=0.5110  PR-AUC=0.6858  ROC-AUC=0.8624
  MixtureOfLinearExpertsClassifier[logistic]              F1=0.5831  PR-AUC=0.7082  ROC-AUC=0.8714
  MixtureOfLinearExpertsClassifier[sgd]                   F1=0.5926  PR-AUC=0.7060  ROC-AUC=0.8721
  MixtureOfLinearExpertsClassifier[lda]                   F1=0.5683  PR-AUC=0.6664  ROC-AUC=0.8573
  MixtureOfLinearExpertsClassifier[nb]                    F1=0.4716  PR-AUC=0.6272  ROC-AUC=0.8284
  FuzzyLogicLinearClassifier[logistic]                    F1=0.5808  PR-AUC=0.6891  ROC-AUC=0.8574
  FuzzyLogicLinearClassifier[sgd]                         F1=0.5666  PR-AUC=0.6862  ROC-AUC=0.8549
  FuzzyLogicLinearClassifier[lda]                         F1=0.5796  PR-AUC=0.6788  ROC-AUC=0.8508
  FuzzyLogicLinearClassifier[nb]                          F1=0.5753  PR-AUC=0.6621  ROC-AUC=0.8615

Dataset: credit_card_fraud (284807, 29)  pos_rate=0.0017
  BaselineLogisticRegression                              F1=0.7240  PR-AUC=0.7581  ROC-AUC=0.9745
  BaselineNaiveBayes                                      F1=0.1150  PR-AUC=0.0857  ROC-AUC=0.9605
  BaselineLDA                                             F1=0.8126  PR-AUC=0.7319  ROC-AUC=0.9803
  BaselineElasticNet                                      F1=0.0000  PR-AUC=nan  ROC-AUC=nan
  BaselineKernelSVM                                       F1=0.7819  PR-AUC=0.8187  ROC-AUC=0.9465
  BaselineRandomForest                                    F1=0.8588  PR-AUC=0.8487  ROC-AUC=0.9497
  BaselineXGBoost                                         [FAIL] ModuleNotFoundError: No module named 'xgboost'
  BaselineLightGBM                                        [FAIL] ModuleNotFoundError: No module named 'lightgbm'
  BaselineMLP                                             F1=0.8218  PR-AUC=0.8365  ROC-AUC=0.9713
  PolynomialFeaturesClassifier[logistic]                  F1=0.8136  PR-AUC=0.8236  ROC-AUC=0.9619
  PolynomialFeaturesClassifier[sgd]                       F1=0.6557  PR-AUC=0.7364  ROC-AUC=0.9569
  PolynomialFeaturesClassifier[lda]                       F1=0.8214  PR-AUC=0.7342  ROC-AUC=0.9587
  PolynomialFeaturesClassifier[nb]                        F1=0.1908  PR-AUC=0.0956  ROC-AUC=0.9455
  SplineFeaturesClassifier[logistic]                      F1=0.8327  PR-AUC=0.8425  ROC-AUC=0.9785
  SplineFeaturesClassifier[sgd]                           F1=0.7665  PR-AUC=0.7791  ROC-AUC=0.9815
  SplineFeaturesClassifier[lda]                           F1=0.8195  PR-AUC=0.7173  ROC-AUC=0.9522
  SplineFeaturesClassifier[nb]                            F1=0.0354  PR-AUC=0.0397  ROC-AUC=0.9412
  LinearBoostClassifier[logistic]                         F1=0.7474  PR-AUC=0.7007  ROC-AUC=0.9680
  LinearBoostClassifier[sgd]                              F1=0.6567  PR-AUC=0.6787  ROC-AUC=0.9676
  LinearBoostClassifier[nb]                               F1=0.2791  PR-AUC=0.4625  ROC-AUC=0.9394
  BaggingFeatureSubspaceClassifier[logistic]              F1=0.7103  PR-AUC=0.7435  ROC-AUC=0.9787
  BaggingFeatureSubspaceClassifier[sgd]                   F1=0.6308  PR-AUC=0.6791  ROC-AUC=0.9601
  BaggingFeatureSubspaceClassifier[lda]                   F1=0.7831  PR-AUC=0.7093  ROC-AUC=0.9586
  BaggingFeatureSubspaceClassifier[nb]                    F1=0.1161  PR-AUC=0.1331  ROC-AUC=0.9571
  MaxOfLinearClassifier[logistic]                         F1=0.7204  PR-AUC=0.7622  ROC-AUC=0.9747
  MaxOfLinearClassifier[sgd]                              F1=0.6380  PR-AUC=0.7242  ROC-AUC=0.9810
  MaxOfLinearClassifier[lda]                              F1=0.8126  PR-AUC=0.7326  ROC-AUC=0.9803
  MaxOfLinearClassifier[nb]                               F1=0.1238  PR-AUC=0.1095  ROC-AUC=0.9635
  CascadeLinearClassifier[logistic]                       F1=0.7236  PR-AUC=0.7544  ROC-AUC=0.9745
  CascadeLinearClassifier[sgd]                            F1=0.6759  PR-AUC=0.7188  ROC-AUC=0.9803
  CascadeLinearClassifier[lda]                            F1=0.8126  PR-AUC=0.7208  ROC-AUC=0.9725
  CascadeLinearClassifier[nb]                             F1=0.1130  PR-AUC=0.0547  ROC-AUC=0.9569
  PiecewiseLinearClassifier[logistic]                     F1=0.7518  PR-AUC=0.7741  ROC-AUC=0.9773
  PiecewiseLinearClassifier[sgd]                          F1=0.6898  PR-AUC=0.6635  ROC-AUC=0.9618
  PiecewiseLinearClassifier[lda]                          F1=0.7909  PR-AUC=0.6993  ROC-AUC=0.9482
  PiecewiseLinearClassifier[nb]                           F1=0.1261  PR-AUC=0.0971  ROC-AUC=0.9585
  MixtureOfLinearExpertsClassifier[logistic]              F1=0.7490  PR-AUC=0.7883  ROC-AUC=0.9711
  MixtureOfLinearExpertsClassifier[sgd]                   F1=0.7087  PR-AUC=0.7153  ROC-AUC=0.9285
  MixtureOfLinearExpertsClassifier[lda]                   F1=0.7964  PR-AUC=0.7253  ROC-AUC=0.9406
  MixtureOfLinearExpertsClassifier[nb]                    F1=0.1195  PR-AUC=0.1535  ROC-AUC=0.9452
  FuzzyLogicLinearClassifier[logistic]                    F1=0.7380  PR-AUC=0.6959  ROC-AUC=0.9723
  FuzzyLogicLinearClassifier[sgd]                         F1=0.6783  PR-AUC=0.6507  ROC-AUC=0.8799
  FuzzyLogicLinearClassifier[lda]                         F1=0.8060  PR-AUC=0.6858  ROC-AUC=0.8871
  FuzzyLogicLinearClassifier[nb]                          F1=0.0000  PR-AUC=0.1337  ROC-AUC=0.9415
[SKIP] load_secom: y should be a 1d array, got an array of shape () instead.
[SKIP] load_secom_selected: y should be a 1d array, got an array of shape () instead.

Результаты сохранены в results_notebook/metrics.csv
